<?xml version="1.0" encoding="UTF-8"?>
<!-- Generated by org.testng.reporters.JUnitReportReporter -->
<testsuite hostname="DESKTOP-3E0AG68" failures="0" tests="1" name="ProjectActivities.Activity1_2" time="40.715" errors="0" timestamp="2021-03-29T13:11:15 IST" skipped="0">
  <testcase classname="ProjectActivities.Activity1_2" name="addNote" time="40.715"/>
  <system-out/>
</testsuite> <!-- ProjectActivities.Activity1_2 -->
