<?xml version="1.0" encoding="UTF-8"?>
<!-- Generated by org.testng.reporters.JUnitReportReporter -->
<testsuite hostname="DESKTOP-3E0AG68" failures="0" tests="1" name="ProjectActivities.Activity1_1" time="27.679" errors="0" timestamp="2021-03-09T01:59:04 GMT-06:00" skipped="0">
  <testcase classname="ProjectActivities.Activity1_1" name="createTask" time="27.679"/>
  <system-out/>
</testsuite> <!-- ProjectActivities.Activity1_1 -->
