<?xml version="1.0" encoding="UTF-8"?>
<!-- Generated by org.testng.reporters.JUnitReportReporter -->
<testsuite hostname="DESKTOP-3E0AG68" failures="0" tests="1" name="ProjectActivities.Project3" time="40.539" errors="0" timestamp="2021-03-29T15:16:50 IST" skipped="0">
  <testcase classname="ProjectActivities.Project3" name="addNote" time="40.539"/>
  <system-out/>
</testsuite> <!-- ProjectActivities.Project3 -->
