<?xml version="1.0" encoding="UTF-8"?>
<!-- Generated by org.testng.reporters.JUnitReportReporter -->
<testsuite hostname="DESKTOP-3E0AG68" failures="0" tests="4" name="activity1.Activity2_2" time="14.860" errors="0" timestamp="2021-03-21T10:39:07 GMT-05:00" skipped="0">
  <testcase classname="activity1.Activity2_2" name="add" time="3.227"/>
  <system-out/>
  <testcase classname="activity1.Activity2_2" name="multiply" time="4.388"/>
  <system-out/>
  <testcase classname="activity1.Activity2_2" name="divide" time="3.640"/>
  <system-out/>
  <testcase classname="activity1.Activity2_2" name="subtract" time="3.605"/>
  <system-out/>
</testsuite> <!-- activity1.Activity2_2 -->
