<?xml version="1.0" encoding="UTF-8"?>
<!-- Generated by org.testng.reporters.JUnitReportReporter -->
<testsuite hostname="DESKTOP-3E0AG68" failures="0" tests="1" name="activity1.Activity2_1" time="24.103" errors="0" timestamp="2021-03-21T10:34:50 GMT-05:00" skipped="0">
  <testcase classname="activity1.Activity2_1" name="testSearchAppium" time="24.103"/>
  <system-out/>
</testsuite> <!-- activity1.Activity2_1 -->
