<?xml version="1.0" encoding="UTF-8"?>
<!-- Generated by org.testng.reporters.JUnitReportReporter -->
<testsuite hostname="DESKTOP-3E0AG68" failures="0" tests="1" name="activity1.Activity1_testng" time="4.511" errors="0" timestamp="2021-03-08T23:03:43 GMT-06:00" skipped="0">
  <testcase classname="activity1.Activity1_testng" name="multiply" time="4.511"/>
  <system-out/>
</testsuite> <!-- activity1.Activity1_testng -->
