<?xml version="1.0" encoding="UTF-8"?>
<!-- Generated by org.testng.reporters.JUnitReportReporter -->
<testsuite hostname="DESKTOP-3E0AG68" failures="0" tests="1" name="activity1.Activity_2" time="31.191" errors="0" timestamp="2021-03-21T04:33:56 GMT-05:00" skipped="0">
  <testcase classname="activity1.Activity_2" name="calc" time="31.191"/>
  <system-out/>
</testsuite> <!-- activity1.Activity_2 -->
