<?xml version="1.0" encoding="UTF-8"?>
<!-- Generated by org.testng.reporters.JUnitReportReporter -->
<testsuite hostname="DESKTOP-3E0AG68" failures="0" tests="1" name="activity1.Activity3_1" time="43.362" errors="0" timestamp="2021-03-21T13:44:39 GMT-05:00" skipped="0">
  <testcase classname="activity1.Activity3_1" name="smsTest" time="43.362"/>
  <system-out/>
</testsuite> <!-- activity1.Activity3_1 -->
